{"/Users/maksim/Desktop/project/toDoList/toDo/src/app/styles/common.ts": {"path":"/Users/maksim/Desktop/project/toDoList/toDo/src/app/styles/common.ts","statementMap":{"0":{"start":{"line":3,"column":0},"end":{"line":3,"column":16}},"1":{"start":{"line":6,"column":0},"end":{"line":6,"column":16}},"2":{"start":{"line":9,"column":0},"end":{"line":9,"column":16}},"3":{"start":{"line":13,"column":0},"end":{"line":13,"column":16}},"4":{"start":{"line":1,"column":0},"end":{"line":1,"column":40}},"5":{"start":{"line":4,"column":4},"end":{"line":4,"column":29}},"6":{"start":{"line":7,"column":4},"end":{"line":7,"column":27}},"7":{"start":{"line":10,"column":4},"end":{"line":10,"column":26}},"8":{"start":{"line":14,"column":4},"end":{"line":14,"column":24}},"9":{"start":{"line":17,"column":29},"end":{"line":74,"column":1}},"10":{"start":{"line":25,"column":4},"end":{"line":25,"column":61}},"11":{"start":{"line":26,"column":4},"end":{"line":26,"column":55}},"12":{"start":{"line":28,"column":20},"end":{"line":28,"column":50}},"13":{"start":{"line":30,"column":27},"end":{"line":30,"column":50}},"14":{"start":{"line":31,"column":25},"end":{"line":31,"column":46}},"15":{"start":{"line":33,"column":18},"end":{"line":33,"column":71}},"16":{"start":{"line":34,"column":24},"end":{"line":34,"column":54}},"17":{"start":{"line":35,"column":4},"end":{"line":35,"column":67}},"18":{"start":{"line":37,"column":21},"end":{"line":37,"column":66}},"19":{"start":{"line":38,"column":24},"end":{"line":38,"column":90}},"20":{"start":{"line":40,"column":4},"end":{"line":42,"column":5}},"21":{"start":{"line":41,"column":8},"end":{"line":41,"column":91}},"22":{"start":{"line":44,"column":4},"end":{"line":73,"column":6}},"23":{"start":{"line":17,"column":13},"end":{"line":17,"column":29}}},"fnMap":{"0":{"name":"percent","decl":{"start":{"line":3,"column":16},"end":{"line":3,"column":23}},"loc":{"start":{"line":3,"column":48},"end":{"line":5,"column":1}}},"1":{"name":"rem","decl":{"start":{"line":6,"column":16},"end":{"line":6,"column":19}},"loc":{"start":{"line":6,"column":30},"end":{"line":8,"column":1}}},"2":{"name":"em","decl":{"start":{"line":9,"column":16},"end":{"line":9,"column":18}},"loc":{"start":{"line":9,"column":29},"end":{"line":11,"column":1}}},"3":{"name":"math","decl":{"start":{"line":13,"column":16},"end":{"line":13,"column":20}},"loc":{"start":{"line":13,"column":48},"end":{"line":15,"column":1}}},"4":{"name":"(anonymous_4)","decl":{"start":{"line":17,"column":29},"end":{"line":17,"column":null}},"loc":{"start":{"line":24,"column":4},"end":{"line":74,"column":1}}}},"branchMap":{"0":{"loc":{"start":{"line":21,"column":4},"end":{"line":21,"column":24}},"type":"default-arg","locations":[{"start":{"line":21,"column":23},"end":{"line":21,"column":24}}]},"1":{"loc":{"start":{"line":22,"column":4},"end":{"line":22,"column":30}},"type":"default-arg","locations":[{"start":{"line":22,"column":26},"end":{"line":22,"column":30}}]},"2":{"loc":{"start":{"line":23,"column":4},"end":{"line":23,"column":27}},"type":"default-arg","locations":[{"start":{"line":23,"column":24},"end":{"line":23,"column":27}}]},"3":{"loc":{"start":{"line":25,"column":18},"end":{"line":25,"column":60}},"type":"cond-expr","locations":[{"start":{"line":25,"column":38},"end":{"line":25,"column":46}},{"start":{"line":25,"column":49},"end":{"line":25,"column":60}}]},"4":{"loc":{"start":{"line":26,"column":16},"end":{"line":26,"column":54}},"type":"cond-expr","locations":[{"start":{"line":26,"column":34},"end":{"line":26,"column":42}},{"start":{"line":26,"column":45},"end":{"line":26,"column":54}}]},"5":{"loc":{"start":{"line":35,"column":20},"end":{"line":35,"column":66}},"type":"cond-expr","locations":[{"start":{"line":35,"column":42},"end":{"line":35,"column":50}},{"start":{"line":35,"column":53},"end":{"line":35,"column":66}}]},"6":{"loc":{"start":{"line":40,"column":4},"end":{"line":42,"column":5}},"type":"if","locations":[{"start":{"line":40,"column":4},"end":{"line":42,"column":5}}]},"7":{"loc":{"start":{"line":47,"column":10},"end":{"line":53,"column":null}},"type":"binary-expr","locations":[{"start":{"line":47,"column":10},"end":{"line":47,"column":24}},{"start":{"line":48,"column":8},"end":{"line":48,"column":22}},{"start":{"line":49,"column":8},"end":{"line":53,"column":null}}]},"8":{"loc":{"start":{"line":55,"column":10},"end":{"line":61,"column":null}},"type":"binary-expr","locations":[{"start":{"line":55,"column":10},"end":{"line":55,"column":24}},{"start":{"line":56,"column":8},"end":{"line":56,"column":22}},{"start":{"line":57,"column":8},"end":{"line":61,"column":null}}]}},"s":{"0":1,"1":1,"2":1,"3":1,"4":1,"5":0,"6":24,"7":4,"8":0,"9":1,"10":0,"11":0,"12":0,"13":0,"14":0,"15":0,"16":0,"17":0,"18":0,"19":0,"20":0,"21":0,"22":0,"23":1},"f":{"0":0,"1":24,"2":4,"3":0,"4":0},"b":{"0":[0],"1":[0],"2":[0],"3":[0,0],"4":[0,0],"5":[0,0],"6":[0],"7":[0,0,0],"8":[0,0,0]}}
,"/Users/maksim/Desktop/project/toDoList/toDo/src/app/styles/variable/globalConstant.ts": {"path":"/Users/maksim/Desktop/project/toDoList/toDo/src/app/styles/variable/globalConstant.ts","statementMap":{"0":{"start":{"line":1,"column":13},"end":{"line":1,"column":29}},"1":{"start":{"line":2,"column":13},"end":{"line":2,"column":30}},"2":{"start":{"line":3,"column":13},"end":{"line":3,"column":40}},"3":{"start":{"line":4,"column":13},"end":{"line":4,"column":41}},"4":{"start":{"line":5,"column":13},"end":{"line":5,"column":36}},"5":{"start":{"line":6,"column":13},"end":{"line":6,"column":71}},"6":{"start":{"line":9,"column":13},"end":{"line":9,"column":34}},"7":{"start":{"line":10,"column":13},"end":{"line":10,"column":29}},"8":{"start":{"line":11,"column":13},"end":{"line":11,"column":29}},"9":{"start":{"line":12,"column":13},"end":{"line":12,"column":35}},"10":{"start":{"line":15,"column":13},"end":{"line":15,"column":28}},"11":{"start":{"line":16,"column":13},"end":{"line":16,"column":29}},"12":{"start":{"line":19,"column":13},"end":{"line":19,"column":33}},"13":{"start":{"line":20,"column":13},"end":{"line":20,"column":36}},"14":{"start":{"line":22,"column":13},"end":{"line":22,"column":47}},"15":{"start":{"line":23,"column":13},"end":{"line":23,"column":49}},"16":{"start":{"line":25,"column":13},"end":{"line":25,"column":34}},"17":{"start":{"line":26,"column":13},"end":{"line":26,"column":41}},"18":{"start":{"line":27,"column":13},"end":{"line":27,"column":42}}},"fnMap":{},"branchMap":{},"s":{"0":1,"1":1,"2":1,"3":1,"4":1,"5":1,"6":1,"7":1,"8":1,"9":1,"10":1,"11":1,"12":1,"13":1,"14":1,"15":1,"16":1,"17":1,"18":1},"f":{},"b":{}}
,"/Users/maksim/Desktop/project/toDoList/toDo/src/features/switchTasksCategory/switchTasksCategory.tsx": {"path":"/Users/maksim/Desktop/project/toDoList/toDo/src/features/switchTasksCategory/switchTasksCategory.tsx","statementMap":{"0":{"start":{"line":1,"column":0},"end":{"line":1,"column":26}},"1":{"start":{"line":2,"column":0},"end":{"line":2,"column":null}},"2":{"start":{"line":7,"column":0},"end":{"line":7,"column":51}},"3":{"start":{"line":8,"column":0},"end":{"line":8,"column":84}},"4":{"start":{"line":9,"column":0},"end":{"line":9,"column":101}},"5":{"start":{"line":10,"column":0},"end":{"line":10,"column":79}},"6":{"start":{"line":11,"column":0},"end":{"line":11,"column":60}},"7":{"start":{"line":12,"column":0},"end":{"line":12,"column":62}},"8":{"start":{"line":13,"column":0},"end":{"line":13,"column":56}},"9":{"start":{"line":15,"column":28},"end":{"line":51,"column":2}},"10":{"start":{"line":16,"column":20},"end":{"line":16,"column":53}},"11":{"start":{"line":17,"column":24},"end":{"line":17,"column":54}},"12":{"start":{"line":18,"column":24},"end":{"line":18,"column":34}},"13":{"start":{"line":20,"column":57},"end":{"line":24,"column":6}},"14":{"start":{"line":26,"column":18},"end":{"line":26,"column":82}},"15":{"start":{"line":28,"column":36},"end":{"line":35,"column":29}},"16":{"start":{"line":29,"column":8},"end":{"line":33,"column":null}},"17":{"start":{"line":29,"column":67},"end":{"line":33,"column":10}},"18":{"start":{"line":30,"column":12},"end":{"line":32,"column":13}},"19":{"start":{"line":31,"column":15},"end":{"line":31,"column":null}},"20":{"start":{"line":34,"column":8},"end":{"line":34,"column":null}},"21":{"start":{"line":37,"column":4},"end":{"line":50,"column":6}},"22":{"start":{"line":53,"column":0},"end":{"line":53,"column":35}}},"fnMap":{"0":{"name":"(anonymous_8)","decl":{"start":{"line":15,"column":39},"end":{"line":15,"column":42}},"loc":{"start":{"line":15,"column":44},"end":{"line":51,"column":1}}},"1":{"name":"(anonymous_9)","decl":{"start":{"line":28,"column":54},"end":{"line":28,"column":57}},"loc":{"start":{"line":28,"column":59},"end":{"line":35,"column":5}}},"2":{"name":"(anonymous_10)","decl":{"start":{"line":29,"column":41},"end":{"line":29,"column":48}},"loc":{"start":{"line":29,"column":67},"end":{"line":33,"column":10}}},"3":{"name":"(anonymous_11)","decl":{"start":{"line":29,"column":67},"end":{"line":29,"column":null}},"loc":{"start":{"line":29,"column":67},"end":{"line":33,"column":9}}}},"branchMap":{"0":{"loc":{"start":{"line":21,"column":32},"end":{"line":21,"column":68}},"type":"binary-expr","locations":[{"start":{"line":21,"column":32},"end":{"line":21,"column":63}},{"start":{"line":21,"column":67},"end":{"line":21,"column":68}}]},"1":{"loc":{"start":{"line":21,"column":32},"end":{"line":21,"column":63}},"type":"cond-expr","locations":[{"start":{"line":21,"column":55},"end":{"line":21,"column":57}},{"start":{"line":21,"column":55},"end":{"line":21,"column":63}}]},"2":{"loc":{"start":{"line":21,"column":32},"end":{"line":21,"column":57}},"type":"binary-expr","locations":[{"start":{"line":21,"column":32},"end":{"line":21,"column":57}},{"start":{"line":21,"column":55},"end":{"line":21,"column":57}}]},"3":{"loc":{"start":{"line":21,"column":32},"end":{"line":21,"column":55}},"type":"cond-expr","locations":[{"start":{"line":21,"column":50},"end":{"line":21,"column":52}},{"start":{"line":21,"column":50},"end":{"line":21,"column":55}}]},"4":{"loc":{"start":{"line":21,"column":32},"end":{"line":21,"column":52}},"type":"binary-expr","locations":[{"start":{"line":21,"column":32},"end":{"line":21,"column":52}},{"start":{"line":21,"column":50},"end":{"line":21,"column":52}}]},"5":{"loc":{"start":{"line":21,"column":32},"end":{"line":21,"column":50}},"type":"cond-expr","locations":[{"start":{"line":21,"column":43},"end":{"line":21,"column":45}},{"start":{"line":21,"column":32},"end":{"line":21,"column":50}}]},"6":{"loc":{"start":{"line":21,"column":32},"end":{"line":21,"column":45}},"type":"binary-expr","locations":[{"start":{"line":21,"column":32},"end":{"line":21,"column":45}},{"start":{"line":21,"column":32},"end":{"line":21,"column":45}}]},"7":{"loc":{"start":{"line":22,"column":35},"end":{"line":22,"column":74}},"type":"binary-expr","locations":[{"start":{"line":22,"column":35},"end":{"line":22,"column":69}},{"start":{"line":22,"column":73},"end":{"line":22,"column":74}}]},"8":{"loc":{"start":{"line":22,"column":35},"end":{"line":22,"column":69}},"type":"cond-expr","locations":[{"start":{"line":22,"column":61},"end":{"line":22,"column":63}},{"start":{"line":22,"column":61},"end":{"line":22,"column":69}}]},"9":{"loc":{"start":{"line":22,"column":35},"end":{"line":22,"column":63}},"type":"binary-expr","locations":[{"start":{"line":22,"column":35},"end":{"line":22,"column":63}},{"start":{"line":22,"column":61},"end":{"line":22,"column":63}}]},"10":{"loc":{"start":{"line":22,"column":35},"end":{"line":22,"column":61}},"type":"cond-expr","locations":[{"start":{"line":22,"column":53},"end":{"line":22,"column":55}},{"start":{"line":22,"column":53},"end":{"line":22,"column":61}}]},"11":{"loc":{"start":{"line":22,"column":35},"end":{"line":22,"column":55}},"type":"binary-expr","locations":[{"start":{"line":22,"column":35},"end":{"line":22,"column":55}},{"start":{"line":22,"column":53},"end":{"line":22,"column":55}}]},"12":{"loc":{"start":{"line":22,"column":35},"end":{"line":22,"column":53}},"type":"cond-expr","locations":[{"start":{"line":22,"column":46},"end":{"line":22,"column":48}},{"start":{"line":22,"column":35},"end":{"line":22,"column":53}}]},"13":{"loc":{"start":{"line":22,"column":35},"end":{"line":22,"column":48}},"type":"binary-expr","locations":[{"start":{"line":22,"column":35},"end":{"line":22,"column":48}},{"start":{"line":22,"column":35},"end":{"line":22,"column":48}}]},"14":{"loc":{"start":{"line":23,"column":38},"end":{"line":23,"column":80}},"type":"binary-expr","locations":[{"start":{"line":23,"column":38},"end":{"line":23,"column":75}},{"start":{"line":23,"column":79},"end":{"line":23,"column":80}}]},"15":{"loc":{"start":{"line":23,"column":38},"end":{"line":23,"column":75}},"type":"cond-expr","locations":[{"start":{"line":23,"column":67},"end":{"line":23,"column":69}},{"start":{"line":23,"column":67},"end":{"line":23,"column":75}}]},"16":{"loc":{"start":{"line":23,"column":38},"end":{"line":23,"column":69}},"type":"binary-expr","locations":[{"start":{"line":23,"column":38},"end":{"line":23,"column":69}},{"start":{"line":23,"column":67},"end":{"line":23,"column":69}}]},"17":{"loc":{"start":{"line":23,"column":38},"end":{"line":23,"column":67}},"type":"cond-expr","locations":[{"start":{"line":23,"column":56},"end":{"line":23,"column":58}},{"start":{"line":23,"column":56},"end":{"line":23,"column":67}}]},"18":{"loc":{"start":{"line":23,"column":38},"end":{"line":23,"column":58}},"type":"binary-expr","locations":[{"start":{"line":23,"column":38},"end":{"line":23,"column":58}},{"start":{"line":23,"column":56},"end":{"line":23,"column":58}}]},"19":{"loc":{"start":{"line":23,"column":38},"end":{"line":23,"column":56}},"type":"cond-expr","locations":[{"start":{"line":23,"column":49},"end":{"line":23,"column":51}},{"start":{"line":23,"column":38},"end":{"line":23,"column":56}}]},"20":{"loc":{"start":{"line":23,"column":38},"end":{"line":23,"column":51}},"type":"binary-expr","locations":[{"start":{"line":23,"column":38},"end":{"line":23,"column":51}},{"start":{"line":23,"column":38},"end":{"line":23,"column":51}}]},"21":{"loc":{"start":{"line":26,"column":18},"end":{"line":26,"column":82}},"type":"binary-expr","locations":[{"start":{"line":26,"column":18},"end":{"line":26,"column":77}},{"start":{"line":26,"column":81},"end":{"line":26,"column":82}}]},"22":{"loc":{"start":{"line":26,"column":29},"end":{"line":26,"column":76}},"type":"binary-expr","locations":[{"start":{"line":26,"column":29},"end":{"line":26,"column":52}},{"start":{"line":26,"column":56},"end":{"line":26,"column":76}}]},"23":{"loc":{"start":{"line":26,"column":29},"end":{"line":26,"column":52}},"type":"cond-expr","locations":[{"start":{"line":26,"column":36},"end":{"line":26,"column":38}},{"start":{"line":26,"column":29},"end":{"line":26,"column":52}}]},"24":{"loc":{"start":{"line":26,"column":29},"end":{"line":26,"column":38}},"type":"binary-expr","locations":[{"start":{"line":26,"column":29},"end":{"line":26,"column":38}},{"start":{"line":26,"column":29},"end":{"line":26,"column":38}}]},"25":{"loc":{"start":{"line":29,"column":8},"end":{"line":33,"column":10}},"type":"cond-expr","locations":[{"start":{"line":29,"column":31},"end":{"line":29,"column":33}},{"start":{"line":29,"column":31},"end":{"line":33,"column":10}}]},"26":{"loc":{"start":{"line":29,"column":8},"end":{"line":29,"column":33}},"type":"binary-expr","locations":[{"start":{"line":29,"column":8},"end":{"line":29,"column":33}},{"start":{"line":29,"column":31},"end":{"line":29,"column":33}}]},"27":{"loc":{"start":{"line":29,"column":8},"end":{"line":29,"column":31}},"type":"cond-expr","locations":[{"start":{"line":29,"column":26},"end":{"line":29,"column":28}},{"start":{"line":29,"column":26},"end":{"line":29,"column":31}}]},"28":{"loc":{"start":{"line":29,"column":8},"end":{"line":29,"column":28}},"type":"binary-expr","locations":[{"start":{"line":29,"column":8},"end":{"line":29,"column":28}},{"start":{"line":29,"column":26},"end":{"line":29,"column":28}}]},"29":{"loc":{"start":{"line":29,"column":8},"end":{"line":29,"column":26}},"type":"cond-expr","locations":[{"start":{"line":29,"column":19},"end":{"line":29,"column":21}},{"start":{"line":29,"column":8},"end":{"line":29,"column":26}}]},"30":{"loc":{"start":{"line":29,"column":8},"end":{"line":29,"column":21}},"type":"binary-expr","locations":[{"start":{"line":29,"column":8},"end":{"line":29,"column":21}},{"start":{"line":29,"column":8},"end":{"line":29,"column":21}}]},"31":{"loc":{"start":{"line":30,"column":12},"end":{"line":32,"column":13}},"type":"if","locations":[{"start":{"line":30,"column":12},"end":{"line":32,"column":13}}]}},"s":{"0":1,"1":1,"2":1,"3":1,"4":1,"5":1,"6":1,"7":1,"8":1,"9":1,"10":0,"11":0,"12":0,"13":0,"14":0,"15":0,"16":0,"17":0,"18":0,"19":0,"20":0,"21":0,"22":1},"f":{"0":0,"1":0,"2":0,"3":0},"b":{"0":[0,0],"1":[0,0],"2":[0,0],"3":[0,0],"4":[0,0],"5":[0,0],"6":[0,0],"7":[0,0],"8":[0,0],"9":[0,0],"10":[0,0],"11":[0,0],"12":[0,0],"13":[0,0],"14":[0,0],"15":[0,0],"16":[0,0],"17":[0,0],"18":[0,0],"19":[0,0],"20":[0,0],"21":[0,0],"22":[0,0],"23":[0,0],"24":[0,0],"25":[0,0],"26":[0,0],"27":[0,0],"28":[0,0],"29":[0,0],"30":[0,0],"31":[0]}}
,"/Users/maksim/Desktop/project/toDoList/toDo/src/features/switchTasksCategory/switchTasksCategoryStyled/switchTasksCategoryStyled.ts": {"path":"/Users/maksim/Desktop/project/toDoList/toDo/src/features/switchTasksCategory/switchTasksCategoryStyled/switchTasksCategoryStyled.ts","statementMap":{"0":{"start":{"line":1,"column":0},"end":{"line":1,"column":39}},"1":{"start":{"line":2,"column":0},"end":{"line":2,"column":50}},"2":{"start":{"line":3,"column":0},"end":{"line":3,"column":null}},"3":{"start":{"line":7,"column":0},"end":{"line":7,"column":69}},"4":{"start":{"line":9,"column":13},"end":{"line":35,"column":2}},"5":{"start":{"line":27,"column":14},"end":{"line":27,"column":66}},"6":{"start":{"line":28,"column":14},"end":{"line":28,"column":65}},"7":{"start":{"line":37,"column":13},"end":{"line":43,"column":2}},"8":{"start":{"line":42,"column":14},"end":{"line":42,"column":69}},"9":{"start":{"line":46,"column":13},"end":{"line":46,"column":51}}},"fnMap":{"0":{"name":"(anonymous_1)","decl":{"start":{"line":27,"column":6},"end":{"line":27,"column":7}},"loc":{"start":{"line":27,"column":14},"end":{"line":27,"column":66}}},"1":{"name":"(anonymous_2)","decl":{"start":{"line":28,"column":6},"end":{"line":28,"column":7}},"loc":{"start":{"line":28,"column":14},"end":{"line":28,"column":65}}},"2":{"name":"(anonymous_3)","decl":{"start":{"line":42,"column":6},"end":{"line":42,"column":7}},"loc":{"start":{"line":42,"column":14},"end":{"line":42,"column":69}}}},"branchMap":{},"s":{"0":1,"1":1,"2":1,"3":1,"4":1,"5":0,"6":0,"7":1,"8":0,"9":1},"f":{"0":0,"1":0,"2":0},"b":{}}
,"/Users/maksim/Desktop/project/toDoList/toDo/src/shared/context/activeCategoryContext/activeCategoryContext.tsx": {"path":"/Users/maksim/Desktop/project/toDoList/toDo/src/shared/context/activeCategoryContext/activeCategoryContext.tsx","statementMap":{"0":{"start":{"line":2,"column":0},"end":{"line":2,"column":43}},"1":{"start":{"line":8,"column":13},"end":{"line":8,"column":86}}},"fnMap":{},"branchMap":{},"s":{"0":1,"1":1},"f":{},"b":{}}
,"/Users/maksim/Desktop/project/toDoList/toDo/src/shared/context/activeCategoryContext/activeCategoryContextComponent.tsx": {"path":"/Users/maksim/Desktop/project/toDoList/toDo/src/shared/context/activeCategoryContext/activeCategoryContextComponent.tsx","statementMap":{"0":{"start":{"line":1,"column":0},"end":{"line":1,"column":26}},"1":{"start":{"line":2,"column":0},"end":{"line":2,"column":70}},"2":{"start":{"line":3,"column":0},"end":{"line":3,"column":60}},"3":{"start":{"line":9,"column":39},"end":{"line":22,"column":1}},"4":{"start":{"line":10,"column":48},"end":{"line":10,"column":102}},"5":{"start":{"line":12,"column":114},"end":{"line":19,"column":5}},"6":{"start":{"line":16,"column":8},"end":{"line":18,"column":9}},"7":{"start":{"line":17,"column":12},"end":{"line":17,"column":44}},"8":{"start":{"line":21,"column":4},"end":{"line":21,"column":124}},"9":{"start":{"line":24,"column":0},"end":{"line":24,"column":46}}},"fnMap":{"0":{"name":"(anonymous_1)","decl":{"start":{"line":9,"column":39},"end":{"line":9,"column":40}},"loc":{"start":{"line":9,"column":80},"end":{"line":22,"column":1}}},"1":{"name":"(anonymous_2)","decl":{"start":{"line":12,"column":114},"end":{"line":12,"column":null}},"loc":{"start":{"line":15,"column":8},"end":{"line":19,"column":5}}}},"branchMap":{"0":{"loc":{"start":{"line":16,"column":8},"end":{"line":18,"column":9}},"type":"if","locations":[{"start":{"line":16,"column":8},"end":{"line":18,"column":9}}]},"1":{"loc":{"start":{"line":16,"column":12},"end":{"line":16,"column":29}},"type":"binary-expr","locations":[{"start":{"line":16,"column":12},"end":{"line":16,"column":24}},{"start":{"line":16,"column":28},"end":{"line":16,"column":29}}]}},"s":{"0":1,"1":1,"2":1,"3":1,"4":0,"5":0,"6":0,"7":0,"8":0,"9":1},"f":{"0":0,"1":0},"b":{"0":[0],"1":[0,0]}}
,"/Users/maksim/Desktop/project/toDoList/toDo/src/shared/context/tasksContext/taskContextComponent.tsx": {"path":"/Users/maksim/Desktop/project/toDoList/toDo/src/shared/context/tasksContext/taskContextComponent.tsx","statementMap":{"0":{"start":{"line":1,"column":0},"end":{"line":1,"column":26}},"1":{"start":{"line":3,"column":0},"end":{"line":3,"column":49}},"2":{"start":{"line":16,"column":29},"end":{"line":28,"column":1}},"3":{"start":{"line":17,"column":30},"end":{"line":21,"column":6}},"4":{"start":{"line":23,"column":53},"end":{"line":25,"column":5}},"5":{"start":{"line":24,"column":8},"end":{"line":24,"column":34}},"6":{"start":{"line":27,"column":4},"end":{"line":27,"column":104}},"7":{"start":{"line":30,"column":0},"end":{"line":30,"column":36}}},"fnMap":{"0":{"name":"(anonymous_1)","decl":{"start":{"line":16,"column":29},"end":{"line":16,"column":30}},"loc":{"start":{"line":16,"column":61},"end":{"line":28,"column":1}}},"1":{"name":"(anonymous_2)","decl":{"start":{"line":23,"column":53},"end":{"line":23,"column":54}},"loc":{"start":{"line":23,"column":66},"end":{"line":25,"column":5}}}},"branchMap":{},"s":{"0":1,"1":1,"2":1,"3":0,"4":0,"5":0,"6":0,"7":1},"f":{"0":0,"1":0},"b":{}}
,"/Users/maksim/Desktop/project/toDoList/toDo/src/shared/context/tasksContext/tasksContext.ts": {"path":"/Users/maksim/Desktop/project/toDoList/toDo/src/shared/context/tasksContext/tasksContext.ts","statementMap":{"0":{"start":{"line":1,"column":0},"end":{"line":1,"column":26}},"1":{"start":{"line":9,"column":13},"end":{"line":9,"column":79}}},"fnMap":{},"branchMap":{},"s":{"0":1,"1":1},"f":{},"b":{}}
,"/Users/maksim/Desktop/project/toDoList/toDo/src/shared/types/types.ts": {"path":"/Users/maksim/Desktop/project/toDoList/toDo/src/shared/types/types.ts","statementMap":{"0":{"start":{"line":2,"column":0},"end":{"line":2,"column":null}},"1":{"start":{"line":3,"column":4},"end":{"line":3,"column":null}},"2":{"start":{"line":7,"column":0},"end":{"line":7,"column":null}},"3":{"start":{"line":8,"column":4},"end":{"line":8,"column":null}},"4":{"start":{"line":9,"column":4},"end":{"line":9,"column":null}},"5":{"start":{"line":10,"column":4},"end":{"line":10,"column":null}},"6":{"start":{"line":11,"column":4},"end":{"line":11,"column":null}},"7":{"start":{"line":19,"column":0},"end":{"line":19,"column":null}},"8":{"start":{"line":20,"column":4},"end":{"line":20,"column":null}},"9":{"start":{"line":21,"column":4},"end":{"line":21,"column":null}},"10":{"start":{"line":22,"column":4},"end":{"line":22,"column":null}}},"fnMap":{"0":{"name":"(anonymous_0)","decl":{"start":{"line":2,"column":0},"end":{"line":2,"column":12}},"loc":{"start":{"line":2,"column":22},"end":{"line":4,"column":1}}},"1":{"name":"(anonymous_1)","decl":{"start":{"line":7,"column":0},"end":{"line":7,"column":12}},"loc":{"start":{"line":7,"column":22},"end":{"line":12,"column":1}}},"2":{"name":"(anonymous_2)","decl":{"start":{"line":19,"column":0},"end":{"line":19,"column":12}},"loc":{"start":{"line":19,"column":28},"end":{"line":23,"column":1}}}},"branchMap":{"0":{"loc":{"start":{"line":2,"column":12},"end":{"line":2,"column":null}},"type":"binary-expr","locations":[{"start":{"line":2,"column":12},"end":{"line":2,"column":22}},{"start":{"line":2,"column":22},"end":{"line":2,"column":null}}]},"1":{"loc":{"start":{"line":7,"column":12},"end":{"line":7,"column":null}},"type":"binary-expr","locations":[{"start":{"line":7,"column":12},"end":{"line":7,"column":22}},{"start":{"line":7,"column":22},"end":{"line":7,"column":null}}]},"2":{"loc":{"start":{"line":19,"column":12},"end":{"line":19,"column":null}},"type":"binary-expr","locations":[{"start":{"line":19,"column":12},"end":{"line":19,"column":28}},{"start":{"line":19,"column":28},"end":{"line":19,"column":null}}]}},"s":{"0":1,"1":1,"2":1,"3":1,"4":1,"5":1,"6":1,"7":1,"8":1,"9":1,"10":1},"f":{"0":1,"1":1,"2":1},"b":{"0":[1,1],"1":[1,1],"2":[1,1]}}
,"/Users/maksim/Desktop/project/toDoList/toDo/src/shared/ui/buttons/myButton.tsx": {"path":"/Users/maksim/Desktop/project/toDoList/toDo/src/shared/ui/buttons/myButton.tsx","statementMap":{"0":{"start":{"line":2,"column":0},"end":{"line":2,"column":97}},"1":{"start":{"line":3,"column":0},"end":{"line":3,"column":50}},"2":{"start":{"line":12,"column":17},"end":{"line":44,"column":1}},"3":{"start":{"line":13,"column":4},"end":{"line":19,"column":5}},"4":{"start":{"line":14,"column":8},"end":{"line":18,"column":10}},"5":{"start":{"line":20,"column":4},"end":{"line":26,"column":5}},"6":{"start":{"line":21,"column":8},"end":{"line":25,"column":10}},"7":{"start":{"line":28,"column":4},"end":{"line":34,"column":5}},"8":{"start":{"line":29,"column":8},"end":{"line":33,"column":10}},"9":{"start":{"line":36,"column":4},"end":{"line":42,"column":5}},"10":{"start":{"line":37,"column":8},"end":{"line":41,"column":10}},"11":{"start":{"line":43,"column":4},"end":{"line":43,"column":16}},"12":{"start":{"line":46,"column":0},"end":{"line":46,"column":24}}},"fnMap":{"0":{"name":"(anonymous_0)","decl":{"start":{"line":12,"column":17},"end":{"line":12,"column":18}},"loc":{"start":{"line":12,"column":71},"end":{"line":44,"column":1}}}},"branchMap":{"0":{"loc":{"start":{"line":13,"column":4},"end":{"line":19,"column":5}},"type":"if","locations":[{"start":{"line":13,"column":4},"end":{"line":19,"column":5}}]},"1":{"loc":{"start":{"line":20,"column":4},"end":{"line":26,"column":5}},"type":"if","locations":[{"start":{"line":20,"column":4},"end":{"line":26,"column":5}}]},"2":{"loc":{"start":{"line":28,"column":4},"end":{"line":34,"column":5}},"type":"if","locations":[{"start":{"line":28,"column":4},"end":{"line":34,"column":5}}]},"3":{"loc":{"start":{"line":36,"column":4},"end":{"line":42,"column":5}},"type":"if","locations":[{"start":{"line":36,"column":4},"end":{"line":42,"column":5}}]}},"s":{"0":1,"1":1,"2":1,"3":0,"4":0,"5":0,"6":0,"7":0,"8":0,"9":0,"10":0,"11":0,"12":1},"f":{"0":0},"b":{"0":[0],"1":[0],"2":[0],"3":[0]}}
,"/Users/maksim/Desktop/project/toDoList/toDo/src/shared/ui/buttons/styled/myuttonStyled.ts": {"path":"/Users/maksim/Desktop/project/toDoList/toDo/src/shared/ui/buttons/styled/myuttonStyled.ts","statementMap":{"0":{"start":{"line":1,"column":0},"end":{"line":1,"column":39}},"1":{"start":{"line":2,"column":0},"end":{"line":2,"column":51}},"2":{"start":{"line":3,"column":0},"end":{"line":3,"column":57}},"3":{"start":{"line":4,"column":0},"end":{"line":4,"column":73}},"4":{"start":{"line":6,"column":13},"end":{"line":21,"column":2}},"5":{"start":{"line":23,"column":13},"end":{"line":37,"column":2}},"6":{"start":{"line":39,"column":13},"end":{"line":53,"column":2}},"7":{"start":{"line":54,"column":13},"end":{"line":70,"column":2}}},"fnMap":{},"branchMap":{},"s":{"0":1,"1":1,"2":1,"3":1,"4":1,"5":1,"6":1,"7":1},"f":{},"b":{}}
}
