TN:
SF:src/app/styles/common.ts
FN:3,percent
FN:6,rem
FN:9,em
FN:13,math
FN:17,(anonymous_4)
FNF:5
FNH:2
FNDA:0,percent
FNDA:24,rem
FNDA:4,em
FNDA:0,math
FNDA:0,(anonymous_4)
DA:1,1
DA:3,1
DA:4,0
DA:6,1
DA:7,24
DA:9,1
DA:10,4
DA:13,1
DA:14,0
DA:17,1
DA:25,0
DA:26,0
DA:28,0
DA:30,0
DA:31,0
DA:33,0
DA:34,0
DA:35,0
DA:37,0
DA:38,0
DA:40,0
DA:41,0
DA:44,0
LF:23
LH:8
BRDA:21,0,0,0
BRDA:22,1,0,0
BRDA:23,2,0,0
BRDA:25,3,0,0
BRDA:25,3,1,0
BRDA:26,4,0,0
BRDA:26,4,1,0
BRDA:35,5,0,0
BRDA:35,5,1,0
BRDA:40,6,0,0
BRDA:47,7,0,0
BRDA:47,7,1,0
BRDA:47,7,2,0
BRDA:55,8,0,0
BRDA:55,8,1,0
BRDA:55,8,2,0
BRF:16
BRH:0
end_of_record
TN:
SF:src/app/styles/variable/globalConstant.ts
FNF:0
FNH:0
DA:1,1
DA:2,1
DA:3,1
DA:4,1
DA:5,1
DA:6,1
DA:9,1
DA:10,1
DA:11,1
DA:12,1
DA:15,1
DA:16,1
DA:19,1
DA:20,1
DA:22,1
DA:23,1
DA:25,1
DA:26,1
DA:27,1
LF:19
LH:19
BRF:0
BRH:0
end_of_record
TN:
SF:src/features/switchTasksCategory/switchTasksCategory.tsx
FN:15,(anonymous_8)
FN:28,(anonymous_9)
FN:29,(anonymous_10)
FN:29,(anonymous_11)
FNF:4
FNH:0
FNDA:0,(anonymous_8)
FNDA:0,(anonymous_9)
FNDA:0,(anonymous_10)
FNDA:0,(anonymous_11)
DA:1,1
DA:2,1
DA:7,1
DA:8,1
DA:9,1
DA:10,1
DA:11,1
DA:12,1
DA:13,1
DA:15,1
DA:16,0
DA:17,0
DA:18,0
DA:20,0
DA:26,0
DA:28,0
DA:29,0
DA:30,0
DA:31,0
DA:34,0
DA:37,0
DA:53,1
LF:22
LH:11
BRDA:21,0,0,0
BRDA:21,0,1,0
BRDA:21,1,0,0
BRDA:21,1,1,0
BRDA:21,2,0,0
BRDA:21,2,1,0
BRDA:21,3,0,0
BRDA:21,3,1,0
BRDA:21,4,0,0
BRDA:21,4,1,0
BRDA:21,5,0,0
BRDA:21,5,1,0
BRDA:21,6,0,0
BRDA:21,6,1,0
BRDA:22,7,0,0
BRDA:22,7,1,0
BRDA:22,8,0,0
BRDA:22,8,1,0
BRDA:22,9,0,0
BRDA:22,9,1,0
BRDA:22,10,0,0
BRDA:22,10,1,0
BRDA:22,11,0,0
BRDA:22,11,1,0
BRDA:22,12,0,0
BRDA:22,12,1,0
BRDA:22,13,0,0
BRDA:22,13,1,0
BRDA:23,14,0,0
BRDA:23,14,1,0
BRDA:23,15,0,0
BRDA:23,15,1,0
BRDA:23,16,0,0
BRDA:23,16,1,0
BRDA:23,17,0,0
BRDA:23,17,1,0
BRDA:23,18,0,0
BRDA:23,18,1,0
BRDA:23,19,0,0
BRDA:23,19,1,0
BRDA:23,20,0,0
BRDA:23,20,1,0
BRDA:26,21,0,0
BRDA:26,21,1,0
BRDA:26,22,0,0
BRDA:26,22,1,0
BRDA:26,23,0,0
BRDA:26,23,1,0
BRDA:26,24,0,0
BRDA:26,24,1,0
BRDA:29,25,0,0
BRDA:29,25,1,0
BRDA:29,26,0,0
BRDA:29,26,1,0
BRDA:29,27,0,0
BRDA:29,27,1,0
BRDA:29,28,0,0
BRDA:29,28,1,0
BRDA:29,29,0,0
BRDA:29,29,1,0
BRDA:29,30,0,0
BRDA:29,30,1,0
BRDA:30,31,0,0
BRF:63
BRH:0
end_of_record
TN:
SF:src/features/switchTasksCategory/switchTasksCategoryStyled/switchTasksCategoryStyled.ts
FN:27,(anonymous_1)
FN:28,(anonymous_2)
FN:42,(anonymous_3)
FNF:3
FNH:0
FNDA:0,(anonymous_1)
FNDA:0,(anonymous_2)
FNDA:0,(anonymous_3)
DA:1,1
DA:2,1
DA:3,1
DA:7,1
DA:9,1
DA:27,0
DA:28,0
DA:37,1
DA:42,0
DA:46,1
LF:10
LH:7
BRF:0
BRH:0
end_of_record
TN:
SF:src/shared/context/activeCategoryContext/activeCategoryContext.tsx
FNF:0
FNH:0
DA:2,1
DA:8,1
LF:2
LH:2
BRF:0
BRH:0
end_of_record
TN:
SF:src/shared/context/activeCategoryContext/activeCategoryContextComponent.tsx
FN:9,(anonymous_1)
FN:12,(anonymous_2)
FNF:2
FNH:0
FNDA:0,(anonymous_1)
FNDA:0,(anonymous_2)
DA:1,1
DA:2,1
DA:3,1
DA:9,1
DA:10,0
DA:12,0
DA:16,0
DA:17,0
DA:21,0
DA:24,1
LF:10
LH:5
BRDA:16,0,0,0
BRDA:16,1,0,0
BRDA:16,1,1,0
BRF:3
BRH:0
end_of_record
TN:
SF:src/shared/context/tasksContext/taskContextComponent.tsx
FN:16,(anonymous_1)
FN:23,(anonymous_2)
FNF:2
FNH:0
FNDA:0,(anonymous_1)
FNDA:0,(anonymous_2)
DA:1,1
DA:3,1
DA:16,1
DA:17,0
DA:23,0
DA:24,0
DA:27,0
DA:30,1
LF:8
LH:4
BRF:0
BRH:0
end_of_record
TN:
SF:src/shared/context/tasksContext/tasksContext.ts
FNF:0
FNH:0
DA:1,1
DA:9,1
LF:2
LH:2
BRF:0
BRH:0
end_of_record
TN:
SF:src/shared/types/types.ts
FN:2,(anonymous_0)
FN:7,(anonymous_1)
FN:19,(anonymous_2)
FNF:3
FNH:3
FNDA:1,(anonymous_0)
FNDA:1,(anonymous_1)
FNDA:1,(anonymous_2)
DA:2,1
DA:3,1
DA:7,1
DA:8,1
DA:9,1
DA:10,1
DA:11,1
DA:19,1
DA:20,1
DA:21,1
DA:22,1
LF:11
LH:11
BRDA:2,0,0,1
BRDA:2,0,1,1
BRDA:7,1,0,1
BRDA:7,1,1,1
BRDA:19,2,0,1
BRDA:19,2,1,1
BRF:6
BRH:6
end_of_record
TN:
SF:src/shared/ui/buttons/myButton.tsx
FN:12,(anonymous_0)
FNF:1
FNH:0
FNDA:0,(anonymous_0)
DA:2,1
DA:3,1
DA:12,1
DA:13,0
DA:14,0
DA:20,0
DA:21,0
DA:28,0
DA:29,0
DA:36,0
DA:37,0
DA:43,0
DA:46,1
LF:13
LH:4
BRDA:13,0,0,0
BRDA:20,1,0,0
BRDA:28,2,0,0
BRDA:36,3,0,0
BRF:4
BRH:0
end_of_record
TN:
SF:src/shared/ui/buttons/styled/myuttonStyled.ts
FNF:0
FNH:0
DA:1,1
DA:2,1
DA:3,1
DA:4,1
DA:6,1
DA:23,1
DA:39,1
DA:54,1
LF:8
LH:8
BRF:0
BRH:0
end_of_record
